<?xml version="1.0" encoding="UTF-8"?>
<testng-results ignored="0" total="1" passed="1" failed="0" skipped="0">
  <reporter-output>
  </reporter-output>
  <suite started-at="2024-07-15T12:53:05 IST" name="Default suite" finished-at="2024-07-15T12:53:37 IST" duration-ms="32492">
    <groups>
    </groups>
    <test started-at="2024-07-15T12:53:05 IST" name="Default test" finished-at="2024-07-15T12:53:37 IST" duration-ms="32492">
      <class name="package1.petstore$datadrivenexcel">
        <test-method is-config="true" signature="setup()[pri:0, instance:package1.petstore$datadrivenexcel@76b1e9b8]" started-at="2024-07-15T12:53:05 IST" name="setup" finished-at="2024-07-15T12:53:12 IST" duration-ms="7502" status="PASS">
          <reporter-output>
          </reporter-output>
        </test-method> <!-- setup -->
        <test-method signature="datadriven()[pri:0, instance:package1.petstore$datadrivenexcel@76b1e9b8]" started-at="2024-07-15T12:53:12 IST" name="datadriven" finished-at="2024-07-15T12:53:36 IST" duration-ms="23314" status="PASS">
          <reporter-output>
          </reporter-output>
        </test-method> <!-- datadriven -->
        <test-method is-config="true" signature="teardown()[pri:0, instance:package1.petstore$datadrivenexcel@76b1e9b8]" started-at="2024-07-15T12:53:36 IST" name="teardown" finished-at="2024-07-15T12:53:37 IST" duration-ms="1564" status="PASS">
          <reporter-output>
          </reporter-output>
        </test-method> <!-- teardown -->
      </class> <!-- package1.petstore$datadrivenexcel -->
    </test> <!-- Default test -->
  </suite> <!-- Default suite -->
</testng-results>
